{"/Users/ceciliawahome/Desktop/dockman/client/tools/testSetup.js":{"path":"/Users/ceciliawahome/Desktop/dockman/client/tools/testSetup.js","s":{"1":1,"2":1,"3":1,"4":0,"5":1,"6":0,"7":1,"8":0,"9":1,"10":1,"11":1,"12":1,"13":1,"14":205,"15":187,"16":187,"17":1,"18":1},"b":{"1":[187,18]},"f":{"1":0,"2":0,"3":0},"fnMap":{"1":{"name":"(anonymous_1)","line":10,"loc":{"start":{"line":10,"column":29},"end":{"line":10,"column":41}}},"2":{"name":"(anonymous_2)","line":11,"loc":{"start":{"line":11,"column":29},"end":{"line":11,"column":41}}},"3":{"name":"(anonymous_3)","line":12,"loc":{"start":{"line":12,"column":29},"end":{"line":12,"column":41}}}},"statementMap":{"1":{"start":{"line":2,"column":0},"end":{"line":2,"column":30}},"2":{"start":{"line":6,"column":0},"end":{"line":6,"column":28}},"3":{"start":{"line":10,"column":0},"end":{"line":10,"column":58}},"4":{"start":{"line":10,"column":43},"end":{"line":10,"column":55}},"5":{"start":{"line":11,"column":0},"end":{"line":11,"column":58}},"6":{"start":{"line":11,"column":43},"end":{"line":11,"column":55}},"7":{"start":{"line":12,"column":0},"end":{"line":12,"column":58}},"8":{"start":{"line":12,"column":43},"end":{"line":12,"column":55}},"9":{"start":{"line":16,"column":0},"end":{"line":16,"column":35}},"10":{"start":{"line":18,"column":0},"end":{"line":18,"column":60}},"11":{"start":{"line":20,"column":0},"end":{"line":20,"column":28}},"12":{"start":{"line":21,"column":0},"end":{"line":21,"column":37}},"13":{"start":{"line":22,"column":0},"end":{"line":27,"column":3}},"14":{"start":{"line":23,"column":2},"end":{"line":26,"column":3}},"15":{"start":{"line":24,"column":4},"end":{"line":24,"column":37}},"16":{"start":{"line":25,"column":4},"end":{"line":25,"column":54}},"17":{"start":{"line":29,"column":0},"end":{"line":31,"column":2}},"18":{"start":{"line":33,"column":0},"end":{"line":33,"column":23}}},"branchMap":{"1":{"line":23,"type":"if","locations":[{"start":{"line":23,"column":2},"end":{"line":23,"column":2}},{"start":{"line":23,"column":2},"end":{"line":23,"column":2}}]}}}}